2022-08-27 17:01:10.577824 UTC | [cheetah-dir_20220827170051_seed0] Epoch 0 finished
----------------------------------  --------------
epoch                                  0
replay_buffer/size                  2000
trainer/num train calls             1000
trainer/QF1 Loss                      15.4959
trainer/QF2 Loss                      15.5059
trainer/Policy Loss                   -4.01685
trainer/Q1 Predictions Mean           -0.00026072
trainer/Q1 Predictions Std             0.00273681
trainer/Q1 Predictions Max             0.0068779
trainer/Q1 Predictions Min            -0.00922894
trainer/Q2 Predictions Mean           -0.0014921
trainer/Q2 Predictions Std             0.00254703
trainer/Q2 Predictions Max             0.00637444
trainer/Q2 Predictions Min            -0.00898494
trainer/Q Targets Mean                 3.85537
trainer/Q Targets Std                  0.793961
trainer/Q Targets Max                  6.17504
trainer/Q Targets Min                  1.69391
trainer/Log Pis Mean                  -4.01937
trainer/Log Pis Std                    0.536421
trainer/Log Pis Max                   -2.54847
trainer/Log Pis Min                   -5.27286
trainer/policy/mean Mean               0.000175057
trainer/policy/mean Std                0.00153198
trainer/policy/mean Max                0.00525932
trainer/policy/mean Min               -0.00548261
trainer/policy/normal/std Mean         1.00027
trainer/policy/normal/std Std          0.00156374
trainer/policy/normal/std Max          1.0058
trainer/policy/normal/std Min          0.995617
trainer/policy/normal/log_std Mean     0.000265442
trainer/policy/normal/log_std Std      0.00156325
trainer/policy/normal/log_std Max      0.00578254
trainer/policy/normal/log_std Min     -0.00439308
expl/num steps total                2000
expl/num paths total                   2
expl/path length Mean               1000
expl/path length Std                   0
expl/path length Max                1000
expl/path length Min                1000
expl/Rewards Mean                     -0.150241
expl/Rewards Std                       0.565127
expl/Rewards Max                       1.43096
expl/Rewards Min                      -2.16445
expl/Returns Mean                   -150.241
expl/Returns Std                       0
expl/Returns Max                    -150.241
expl/Returns Min                    -150.241
expl/Actions Mean                     -0.00156649
expl/Actions Std                       0.626234
expl/Actions Max                       0.99853
expl/Actions Min                      -0.998862
expl/Num Paths                         1
expl/Average Returns                -150.241
eval/num steps total                5000
eval/num paths total                   5
eval/path length Mean               1000
eval/path length Std                   0
eval/path length Max                1000
eval/path length Min                1000
eval/Rewards Mean                      4.31178e-06
eval/Rewards Std                       0.0122704
eval/Rewards Max                       0.218556
eval/Rewards Min                      -0.234697
eval/Returns Mean                      0.00431178
eval/Returns Std                       0.414984
eval/Returns Max                       0.47877
eval/Returns Min                      -0.74737
eval/Actions Mean                     -1.29242e-05
eval/Actions Std                       3.75017e-05
eval/Actions Max                       0.000434162
eval/Actions Min                      -0.000393112
eval/Num Paths                         5
eval/Average Returns                   0.00431178
time/data storing (s)                  0.0107113
time/evaluation sampling (s)           6.49974
time/exploration sampling (s)          1.16787
time/logging (s)                      20.5328
time/sac training (s)                  8.29032
time/saving (s)                        0.0680713
time/training (s)                      5.47543e-05
time/epoch (s)                        36.5696
time/total (s)                        39.6176
Epoch                                  0
----------------------------------  --------------
2022-08-27 17:01:46.308802 UTC | [cheetah-dir_20220827170051_seed0] Epoch 1 finished
----------------------------------  --------------
epoch                                   1
replay_buffer/size                   3000
trainer/num train calls              2000
trainer/QF1 Loss                        0.579645
trainer/QF2 Loss                        0.54445
trainer/Policy Loss                   -19.9065
trainer/Q1 Predictions Mean            15.9065
trainer/Q1 Predictions Std              1.53102
trainer/Q1 Predictions Max             21.2323
trainer/Q1 Predictions Min             12.0199
trainer/Q2 Predictions Mean            15.9147
trainer/Q2 Predictions Std              1.54291
trainer/Q2 Predictions Max             21.336
trainer/Q2 Predictions Min             11.799
trainer/Q Targets Mean                 15.9512
trainer/Q Targets Std                   1.6053
trainer/Q Targets Max                  21.0133
trainer/Q Targets Min                  11.905
trainer/Log Pis Mean                   -3.99746
trainer/Log Pis Std                     0.478893
trainer/Log Pis Max                    -2.58849
trainer/Log Pis Min                    -5.58075
trainer/policy/mean Mean                0.04904
trainer/policy/mean Std                 0.108609
trainer/policy/mean Max                 0.445556
trainer/policy/mean Min                -0.246198
trainer/policy/normal/std Mean          0.899186
trainer/policy/normal/std Std           0.016236
trainer/policy/normal/std Max           0.943416
trainer/policy/normal/std Min           0.824867
trainer/policy/normal/log_std Mean     -0.106429
trainer/policy/normal/log_std Std       0.0181049
trainer/policy/normal/log_std Max      -0.0582476
trainer/policy/normal/log_std Min      -0.192533
expl/num steps total                 3000
expl/num paths total                    3
expl/path length Mean                1000
expl/path length Std                    0
expl/path length Max                 1000
expl/path length Min                 1000
expl/Rewards Mean                      -0.229464
expl/Rewards Std                        0.637421
expl/Rewards Max                        2.20877
expl/Rewards Min                       -2.32086
expl/Returns Mean                    -229.464
expl/Returns Std                        0
expl/Returns Max                     -229.464
expl/Returns Min                     -229.464
expl/Actions Mean                       0.0620396
expl/Actions Std                        0.592901
expl/Actions Max                        0.997784
expl/Actions Min                       -0.995711
expl/Num Paths                          1
expl/Average Returns                 -229.464
eval/num steps total                10000
eval/num paths total                   10
eval/path length Mean                1000
eval/path length Std                    0
eval/path length Max                 1000
eval/path length Min                 1000
eval/Rewards Mean                      -0.00389446
eval/Rewards Std                        0.0137428
eval/Rewards Max                        0.2825
eval/Rewards Min                       -0.250833
eval/Returns Mean                      -3.89446
eval/Returns Std                        0.225866
eval/Returns Max                       -3.62987
eval/Returns Min                       -4.23102
eval/Actions Mean                       0.0810097
eval/Actions Std                        0.0765578
eval/Actions Max                        0.250746
eval/Actions Min                        0.00331847
eval/Num Paths                          5
eval/Average Returns                   -3.89446
time/data storing (s)                   0.0106839
time/evaluation sampling (s)            5.11638
time/exploration sampling (s)           1.16839
time/logging (s)                        0.0101686
time/sac training (s)                   8.18577
time/saving (s)                         0.0486748
time/training (s)                       4.1673e-05
time/epoch (s)                         14.5401
time/total (s)                         54.7977
Epoch                                   1
----------------------------------  --------------
2022-08-27 17:02:01.699353 UTC | [cheetah-dir_20220827170051_seed0] Epoch 2 finished
----------------------------------  ---------------
epoch                                   2
replay_buffer/size                   4000
trainer/num train calls              3000
trainer/QF1 Loss                        0.573745
trainer/QF2 Loss                        0.61922
trainer/Policy Loss                   -35.9018
trainer/Q1 Predictions Mean            31.9726
trainer/Q1 Predictions Std              2.18399
trainer/Q1 Predictions Max             39.0472
trainer/Q1 Predictions Min             26.7821
trainer/Q2 Predictions Mean            31.9743
trainer/Q2 Predictions Std              2.16674
trainer/Q2 Predictions Max             39.0864
trainer/Q2 Predictions Min             26.595
trainer/Q Targets Mean                 32.0906
trainer/Q Targets Std                   2.27048
trainer/Q Targets Max                  39.4921
trainer/Q Targets Min                  26.0066
trainer/Log Pis Mean                   -4.04892
trainer/Log Pis Std                     0.385427
trainer/Log Pis Max                    -2.99452
trainer/Log Pis Min                    -5.09423
trainer/policy/mean Mean                0.0316541
trainer/policy/mean Std                 0.0824041
trainer/policy/mean Max                 0.341234
trainer/policy/mean Min                -0.24004
trainer/policy/normal/std Mean          0.909009
trainer/policy/normal/std Std           0.0153891
trainer/policy/normal/std Max           0.944046
trainer/policy/normal/std Min           0.850988
trainer/policy/normal/log_std Mean     -0.0955445
trainer/policy/normal/log_std Std       0.0170007
trainer/policy/normal/log_std Max      -0.0575802
trainer/policy/normal/log_std Min      -0.161357
expl/num steps total                 4000
expl/num paths total                    4
expl/path length Mean                1000
expl/path length Std                    0
expl/path length Max                 1000
expl/path length Min                 1000
expl/Rewards Mean                      -0.137724
expl/Rewards Std                        0.715181
expl/Rewards Max                        1.98019
expl/Rewards Min                       -2.33838
expl/Returns Mean                    -137.724
expl/Returns Std                        0
expl/Returns Max                     -137.724
expl/Returns Min                     -137.724
expl/Actions Mean                       0.0190102
expl/Actions Std                        0.599146
expl/Actions Max                        0.998062
expl/Actions Min                       -0.998209
expl/Num Paths                          1
expl/Average Returns                 -137.724
eval/num steps total                15000
eval/num paths total                   15
eval/path length Mean                1000
eval/path length Std                    0
eval/path length Max                 1000
eval/path length Min                 1000
eval/Rewards Mean                      -0.00332839
eval/Rewards Std                        0.0222108
eval/Rewards Max                        0.263791
eval/Rewards Min                       -0.399539
eval/Returns Mean                      -3.32839
eval/Returns Std                        0.325232
eval/Returns Max                       -2.94318
eval/Returns Min                       -3.77686
eval/Actions Mean                       0.0630445
eval/Actions Std                        0.0705148
eval/Actions Max                        0.220773
eval/Actions Min                       -0.0751649
eval/Num Paths                          5
eval/Average Returns                   -3.32839
time/data storing (s)                   0.0106446
time/evaluation sampling (s)            5.134
time/exploration sampling (s)           1.16617
time/logging (s)                        0.00995859
time/sac training (s)                   8.32822
time/saving (s)                         0.0502014
time/training (s)                       4.55678e-05
time/epoch (s)                         14.6992
time/total (s)                         70.1591
Epoch                                   2
----------------------------------  ---------------
